<?xml version="1.0" encoding="UTF-8"?>
<!-- Generated by org.testng.reporters.JUnitXMLReporter -->
<testsuite ignored="0" hostname="LAPTOP-9710V517" failures="1" tests="2" name="Checkoutpage" time="53.483" errors="0" timestamp="2025-03-25T14:39:22 IST">
  <testcase classname="Utils.CheckoutTest" name="readDataFromExcel" time="7.842"/>
  <testcase classname="Utils.CheckoutTest" name="testCheckoutProcess" time="35.004">
    <failure type="org.openqa.selenium.ElementClickInterceptedException" message="element click intercepted: Element &amp;lt;button class=&amp;quot;action primary checkout&amp;quot; type=&amp;quot;submit&amp;quot; data-bind=&amp;quot;
                        click: placeOrder,
                        attr: {title: $t(&amp;apos;Place Order&amp;apos;)},
                        css: {disabled: !isPlaceOrderActionAllowed()},
                        enable: (getCode() == isChecked())
                        &amp;quot; title=&amp;quot;Place Order&amp;quot;&amp;gt;...&amp;lt;/button&amp;gt; is not clickable at point (867, 396). Other element would receive the click: &amp;lt;div class=&amp;quot;checkout-billing-address&amp;quot;&amp;gt;...&amp;lt;/div&amp;gt;
  (Session info: chrome=134.0.6998.118)
Build info: version: &amp;apos;4.29.0&amp;apos;, revision: &amp;apos;18ae989&amp;apos;
System info: os.name: &amp;apos;Windows 11&amp;apos;, os.arch: &amp;apos;amd64&amp;apos;, os.version: &amp;apos;10.0&amp;apos;, java.version: &amp;apos;17.0.12&amp;apos;
Driver info: org.openqa.selenium.chrome.ChromeDriver
Command: [a7b67abc9a90fd08e3f02982d6a6bad0, clickElement {id=f.2AACA99D2384F475E8E1A390846DFB03.d.E6A2D53F12C7340F943E183BFCC5BC81.e.331}]
Capabilities {acceptInsecureCerts: false, browserName: chrome, browserVersion: 134.0.6998.118, chrome: {chromedriverVersion: 134.0.6998.165 (fd886e2cb29..., userDataDir: C:\Users\JAYANTH\AppData\Lo...}, fedcm:accounts: true, goog:chromeOptions: {debuggerAddress: localhost:60374}, networkConnectionEnabled: false, pageLoadStrategy: normal, platformName: windows, proxy: Proxy(), se:cdp: ws://localhost:60374/devtoo..., se:cdpVersion: 134.0.6998.118, setWindowRect: true, strictFileInteractability: false, timeouts: {implicit: 0, pageLoad: 300000, script: 30000}, unhandledPromptBehavior: dismiss and notify, webauthn:extension:credBlob: true, webauthn:extension:largeBlob: true, webauthn:extension:minPinLength: true, webauthn:extension:prf: true, webauthn:virtualAuthenticators: true}
Element: [[ChromeDriver: chrome on windows (a7b67abc9a90fd08e3f02982d6a6bad0)] -&amp;gt; xpath: //button[@title=&amp;apos;Place Order&amp;apos;]]
Session ID: a7b67abc9a90fd08e3f02982d6a6bad0">
      <![CDATA[org.openqa.selenium.ElementClickInterceptedException: element click intercepted: Element <button class="action primary checkout" type="submit" data-bind="
                        click: placeOrder,
                        attr: {title: $t('Place Order')},
                        css: {disabled: !isPlaceOrderActionAllowed()},
                        enable: (getCode() == isChecked())
                        " title="Place Order">...</button> is not clickable at point (867, 396). Other element would receive the click: <div class="checkout-billing-address">...</div>
  (Session info: chrome=134.0.6998.118)
Build info: version: '4.29.0', revision: '18ae989'
System info: os.name: 'Windows 11', os.arch: 'amd64', os.version: '10.0', java.version: '17.0.12'
Driver info: org.openqa.selenium.chrome.ChromeDriver
Command: [a7b67abc9a90fd08e3f02982d6a6bad0, clickElement {id=f.2AACA99D2384F475E8E1A390846DFB03.d.E6A2D53F12C7340F943E183BFCC5BC81.e.331}]
Capabilities {acceptInsecureCerts: false, browserName: chrome, browserVersion: 134.0.6998.118, chrome: {chromedriverVersion: 134.0.6998.165 (fd886e2cb29..., userDataDir: C:\Users\JAYANTH\AppData\Lo...}, fedcm:accounts: true, goog:chromeOptions: {debuggerAddress: localhost:60374}, networkConnectionEnabled: false, pageLoadStrategy: normal, platformName: windows, proxy: Proxy(), se:cdp: ws://localhost:60374/devtoo..., se:cdpVersion: 134.0.6998.118, setWindowRect: true, strictFileInteractability: false, timeouts: {implicit: 0, pageLoad: 300000, script: 30000}, unhandledPromptBehavior: dismiss and notify, webauthn:extension:credBlob: true, webauthn:extension:largeBlob: true, webauthn:extension:minPinLength: true, webauthn:extension:prf: true, webauthn:virtualAuthenticators: true}
Element: [[ChromeDriver: chrome on windows (a7b67abc9a90fd08e3f02982d6a6bad0)] -> xpath: //button[@title='Place Order']]
Session ID: a7b67abc9a90fd08e3f02982d6a6bad0
at org.openqa.selenium.remote.ErrorCodec.decode(ErrorCodec.java:167)
at org.openqa.selenium.remote.codec.w3c.W3CHttpResponseCodec.decode(W3CHttpResponseCodec.java:138)
at org.openqa.selenium.remote.codec.w3c.W3CHttpResponseCodec.decode(W3CHttpResponseCodec.java:50)
at org.openqa.selenium.remote.HttpCommandExecutor.execute(HttpCommandExecutor.java:215)
at org.openqa.selenium.remote.service.DriverCommandExecutor.invokeExecute(DriverCommandExecutor.java:216)
at org.openqa.selenium.remote.service.DriverCommandExecutor.execute(DriverCommandExecutor.java:174)
at org.openqa.selenium.remote.RemoteWebDriver.execute(RemoteWebDriver.java:545)
at org.openqa.selenium.remote.RemoteWebElement.execute(RemoteWebElement.java:223)
at org.openqa.selenium.remote.RemoteWebElement.click(RemoteWebElement.java:76)
at org.openqa.selenium.support.pagefactory.internal.LocatingElementHandler.invoke(LocatingElementHandler.java:51)
at jdk.proxy2/jdk.proxy2.$Proxy26.click(Unknown Source)
at Pages.PageFactoryCheckout.placeOrder(PageFactoryCheckout.java:128)
at Utils.CheckoutTest.testCheckoutProcess(CheckoutTest.java:76)
at java.base/java.util.ArrayList.forEach(ArrayList.java:1511)
... Removed 36 stack frames]]>
    </failure>
  </testcase> <!-- testCheckoutProcess -->
</testsuite> <!-- Checkoutpage -->
