<?xml version="1.0" encoding="UTF-8"?>
<!-- Generated by org.testng.reporters.JUnitXMLReporter -->
<testsuite ignored="0" hostname="LAPTOP-9710V517" failures="0" tests="2" name="MultiProductSearchaddProduct" time="20.43" errors="0" timestamp="2025-03-25T14:38:29 IST">
  <testcase classname="Utils.Multiproductadd_TC" name="readDataFromExcel" time="2.463"/>
  <testcase classname="Utils.Multiproductadd_TC" name="searchAndAddMultipleProducts" time="10.142"/>
</testsuite> <!-- MultiProductSearchaddProduct -->
