<?xml version="1.0" encoding="UTF-8"?>
<!-- Generated by org.testng.reporters.JUnitXMLReporter -->
<testsuite ignored="0" hostname="LAPTOP-9710V517" failures="0" tests="2" name="MultiProductSearchaddProduct" time="27.226" errors="0" timestamp="2025-03-25T16:37:59 IST">
  <testcase classname="Utils.Multiproductadd_TC" name="readDataFromExcel" time="3.314"/>
  <testcase classname="Utils.Multiproductadd_TC" name="searchAndAddMultipleProducts" time="13.065"/>
</testsuite> <!-- MultiProductSearchaddProduct -->
