<?xml version="1.0" encoding="UTF-8"?>
<!-- Generated by org.testng.reporters.JUnitXMLReporter -->
<testsuite ignored="0" hostname="LAPTOP-9710V517" failures="1" tests="1" name="Login Excel Test" time="11.596" errors="0" timestamp="2025-03-19T14:24:03 IST">
  <testcase classname="Utils.LoginExcel" name="readDataFromExcel" time="1.823">
    <failure type="java.lang.NullPointerException" message="Cannot invoke &amp;quot;org.apache.poi.xssf.usermodel.XSSFCell.getStringCellValue()&amp;quot; because the return value of &amp;quot;org.apache.poi.xssf.usermodel.XSSFRow.getCell(int)&amp;quot; is null">
      <![CDATA[java.lang.NullPointerException: Cannot invoke "org.apache.poi.xssf.usermodel.XSSFCell.getStringCellValue()" because the return value of "org.apache.poi.xssf.usermodel.XSSFRow.getCell(int)" is null
at Utils.LoginExcel.readDataFromExcel(LoginExcel.java:38)
at java.base/java.util.ArrayList.forEach(ArrayList.java:1596)
... Removed 25 stack frames]]>
    </failure>
  </testcase> <!-- readDataFromExcel -->
</testsuite> <!-- Login Excel Test -->
