<?xml version="1.0" encoding="UTF-8"?>
<!-- Generated by org.testng.reporters.JUnitXMLReporter -->
<testsuite ignored="0" hostname="LAPTOP-9710V517" failures="0" tests="2" name="MultiProductSearchaddProduct" time="28.469" errors="0" timestamp="2025-03-26T10:55:46 IST">
  <testcase classname="Utils.Multiproductadd_TC" name="readDataFromExcel" time="3.305"/>
  <testcase classname="Utils.Multiproductadd_TC" name="searchAndAddMultipleProducts" time="13.031"/>
</testsuite> <!-- MultiProductSearchaddProduct -->
