<?xml version="1.0" encoding="UTF-8"?>
<testsuite xmlns:xsi="http://www.w3.org/2001/XMLSchema-instance" xsi:noNamespaceSchemaLocation="https://maven.apache.org/surefire/maven-surefire-plugin/xsd/surefire-test-report-3.0.xsd" version="3.0" name="TestSuite" time="220.501" tests="10" errors="0" skipped="0" failures="0">
  <properties>
[...]
</properties>
  <testcase name="verifyLoadedData" classname="Pages.RegisterPage" time="0.188">
    <system-out><![CDATA[10:53:51.477 [main] DEBUG org.testng.TestNG - suiteXmlPath: "C:\Users\JAYANTH\eclipse-workspace\Cap_Stone\Master.xml"
10:53:51.748 [main] INFO org.testng.internal.Utils - [XmlSuite] [WARN] 'parallel' value 'false' is no longer valid, defaulting to 'none'.
First Name: vanamala
Last Name: jayanth
Email: 56sa00mmo79@gmail.com
Password: 9948640337@27ha11
Confirm Password: 9948640337@27ha11
URL: https://magento.softwaretestingboard.com
Browser: chrome
]]></system-out>
    <system-err><![CDATA[Mar 26, 2025 10:53:57 AM org.openqa.selenium.devtools.CdpVersionFinder findNearestMatch
WARNING: Unable to find an exact match for CDP version 134, returning the closest version; found: 133; Please update to a Selenium version that supports CDP version 134
]]></system-err>
  </testcase>
  <testcase name="login" classname="Pages.RegisterPage" time="6.842"/>
  <testcase name="readDataFromExcel" classname="Utils.LoginExcelTC" time="11.924">
    <system-out><![CDATA[Opening browser: chrome
Reading data from Excel...
Screenshot saved: screenshots/screenshot_1742966673751.png
Login test passed.
]]></system-out>
    <system-err><![CDATA[Mar 26, 2025 10:54:14 AM org.openqa.selenium.devtools.CdpVersionFinder findNearestMatch
WARNING: Unable to find an exact match for CDP version 134, returning the closest version; found: 133; Please update to a Selenium version that supports CDP version 134
]]></system-err>
  </testcase>
  <testcase name="readDataFromExcel" classname="Utils.SearchaddProduct_TC" time="26.122">
    <system-err><![CDATA[Mar 26, 2025 10:54:36 AM org.openqa.selenium.devtools.CdpVersionFinder findNearestMatch
WARNING: Unable to find an exact match for CDP version 134, returning the closest version; found: 133; Please update to a Selenium version that supports CDP version 134
]]></system-err>
  </testcase>
  <testcase name="searchProduct" classname="Utils.SearchaddProduct_TC" time="7.862"/>
  <testcase name="readDataFromExcel" classname="Utils.Multiproductadd_TC" time="3.308">
    <system-err><![CDATA[Mar 26, 2025 10:55:20 AM org.openqa.selenium.devtools.CdpVersionFinder findNearestMatch
WARNING: Unable to find an exact match for CDP version 134, returning the closest version; found: 133; Please update to a Selenium version that supports CDP version 134
]]></system-err>
  </testcase>
  <testcase name="searchAndAddMultipleProducts" classname="Utils.Multiproductadd_TC" time="13.035"/>
  <testcase name="readDataFromExcel" classname="Utils.Checkout_TC" time="7.165">
    <system-err><![CDATA[Mar 26, 2025 10:55:48 AM org.openqa.selenium.devtools.CdpVersionFinder findNearestMatch
WARNING: Unable to find an exact match for CDP version 134, returning the closest version; found: 133; Please update to a Selenium version that supports CDP version 134
]]></system-err>
  </testcase>
  <testcase name="testCheckoutProcess" classname="Utils.Checkout_TC" time="38.901"/>
  <testcase name="runScenario[&quot;To check the Logout functionality&quot;, &quot;Checking Logout Functionality&quot;](1)" classname="MyRunner.LogoutRunnertNG" time="47.26">
    <system-out><![CDATA[
@LogoutTest
Scenario: To check the Logout functionality                                            &amp#27;[90m# src/test/java/features/Logout.feature:16&amp#27;[0m
Browser is opened successfully.
  &amp#27;[32mGiven &amp#27;[0m&amp#27;[32mUser opens the browser&amp#27;[0m                                                         &amp#27;[90m# StepDef.LogoutStepDef.user_opens_the_browser()&amp#27;[0m
  &amp#27;[32mAnd &amp#27;[0m&amp#27;[32mUser navigates to the URL &amp#27;[0m&amp#27;[32m&amp#27;[1m"https://magento.softwaretestingboard.com/"&amp#27;[0m            &amp#27;[90m# StepDef.LogoutStepDef.user_navigates_to_the_application_URL(java.lang.String)&amp#27;[0m
  &amp#27;[32mWhen &amp#27;[0m&amp#27;[32mUser clicks the link &amp#27;[0m&amp#27;[32m&amp#27;[1m"Sign In"&amp#27;[0m                                                  &amp#27;[90m# StepDef.LogoutStepDef.user_clicks_the_link(java.lang.String)&amp#27;[0m
  &amp#27;[32mAnd &amp#27;[0m&amp#27;[32mUser enters valid email &amp#27;[0m&amp#27;[32m&amp#27;[1m"jayanthaws2000@gmail.com"&amp#27;[0m&amp#27;[32m and password &amp#27;[0m&amp#27;[32m&amp#27;[1m"9948640337@27a"&amp#27;[0m &amp#27;[90m# StepDef.LogoutStepDef.user_enters_valid_email_and_password(java.lang.String,java.lang.String)&amp#27;[0m
  &amp#27;[32mAnd &amp#27;[0m&amp#27;[32mUser clicks the &amp#27;[0m&amp#27;[32m&amp#27;[1m"Sign In"&amp#27;[0m&amp#27;[32m button&amp#27;[0m                                                 &amp#27;[90m# StepDef.LogoutStepDef.user_clicks_the_button(java.lang.String)&amp#27;[0m
 User successfully logged out.
  &amp#27;[32mAnd &amp#27;[0m&amp#27;[32mUser clicks &amp#27;[0m&amp#27;[32m&amp#27;[1m"Logout"&amp#27;[0m&amp#27;[32m from &amp#27;[0m&amp#27;[32m&amp#27;[1m"My Account"&amp#27;[0m&amp#27;[32m page&amp#27;[0m                                      &amp#27;[90m# StepDef.LogoutStepDef.user_clicks_logout(java.lang.String,java.lang.String)&amp#27;[0m
  &amp#27;[32mThen &amp#27;[0m&amp#27;[32mUser verifies that the session ends and the user is redirected to the homepage&amp#27;[0m  &amp#27;[90m# StepDef.LogoutStepDef.user_verifies_that_the_session_ends()&amp#27;[0m
  &amp#27;[32mAnd &amp#27;[0m&amp#27;[32mUser verifies the &amp#27;[0m&amp#27;[32m&amp#27;[1m"Home Page"&amp#27;[0m&amp#27;[32m is displayed&amp#27;[0m                                       &amp#27;[90m# StepDef.LogoutStepDef.user_verifies_the_home_page_is_displayed(java.lang.String)&amp#27;[0m
Browser closed successfully.
]]></system-out>
    <system-err><![CDATA[Mar 26, 2025 10:56:46 AM org.openqa.selenium.devtools.CdpVersionFinder findNearestMatch
WARNING: Unable to find an exact match for CDP version 134, returning the closest version; found: 133; Please update to a Selenium version that supports CDP version 134
]]></system-err>
  </testcase>
</testsuite>