<?xml version="1.0" encoding="UTF-8"?>
<testng-results ignored="0" total="10" passed="10" failed="0" skipped="0">
  <reporter-output>
  </reporter-output>
  <suite started-at="2025-03-26T10:53:52 IST" name="Suite" finished-at="2025-03-26T10:57:31 IST" duration-ms="218885">
    <groups>
      <group name="cucumber">
        <method signature="AbstractTestNGCucumberTests.runScenario(io.cucumber.testng.PickleWrapper,io.cucumber.testng.FeatureWrapper)[pri:0, instance:MyRunner.LogoutRunnertNG@a82c5f1]" name="runScenario" class="io.cucumber.testng.AbstractTestNGCucumberTests"/>
      </group> <!-- cucumber -->
    </groups>
    <test started-at="2025-03-26T10:53:52 IST" name="signupTest" finished-at="2025-03-26T10:54:11 IST" duration-ms="19034">
      <class name="Pages.RegisterPage">
        <test-method is-config="true" signature="setup()[pri:0, instance:Pages.RegisterPage@50029372]" started-at="2025-03-26T10:53:52 IST" name="setup" finished-at="2025-03-26T10:54:03 IST" duration-ms="11108" status="PASS">
          <reporter-output>
          </reporter-output>
        </test-method> <!-- setup -->
        <test-method signature="verifyLoadedData()[pri:1, instance:Pages.RegisterPage@50029372]" started-at="2025-03-26T10:54:03 IST" name="verifyLoadedData" finished-at="2025-03-26T10:54:03 IST" duration-ms="73" status="PASS">
          <reporter-output>
          </reporter-output>
        </test-method> <!-- verifyLoadedData -->
        <test-method signature="login()[pri:2, instance:Pages.RegisterPage@50029372]" started-at="2025-03-26T10:54:03 IST" name="login" finished-at="2025-03-26T10:54:10 IST" depends-on-methods="Pages.RegisterPage.verifyLoadedData" duration-ms="6837" status="PASS">
          <reporter-output>
          </reporter-output>
        </test-method> <!-- login -->
        <test-method is-config="true" signature="closeBrowser()[pri:0, instance:Pages.RegisterPage@50029372]" started-at="2025-03-26T10:54:10 IST" name="closeBrowser" finished-at="2025-03-26T10:54:11 IST" duration-ms="818" status="PASS">
          <reporter-output>
          </reporter-output>
        </test-method> <!-- closeBrowser -->
      </class> <!-- Pages.RegisterPage -->
    </test> <!-- signupTest -->
    <test started-at="2025-03-26T10:54:11 IST" name="LoginExcel_Tc" finished-at="2025-03-26T10:54:34 IST" duration-ms="22704">
      <class name="Utils.LoginExcelTC">
        <test-method is-config="true" signature="openBrowser(java.lang.String)[pri:0, instance:Utils.LoginExcelTC@27912e3]" started-at="2025-03-26T10:54:11 IST" name="openBrowser" finished-at="2025-03-26T10:54:22 IST" duration-ms="10320" status="PASS">
          <params>
            <param index="0">
              <value>
                <![CDATA[chrome]]>
              </value>
            </param>
          </params>
          <reporter-output>
          </reporter-output>
        </test-method> <!-- openBrowser -->
        <test-method signature="readDataFromExcel()[pri:0, instance:Utils.LoginExcelTC@27912e3]" started-at="2025-03-26T10:54:22 IST" name="readDataFromExcel" finished-at="2025-03-26T10:54:33 IST" duration-ms="11921" status="PASS">
          <reporter-output>
          </reporter-output>
        </test-method> <!-- readDataFromExcel -->
        <test-method is-config="true" signature="closeReport()[pri:0, instance:Utils.LoginExcelTC@27912e3]" started-at="2025-03-26T10:54:33 IST" name="closeReport" finished-at="2025-03-26T10:54:34 IST" duration-ms="449" status="PASS">
          <reporter-output>
          </reporter-output>
        </test-method> <!-- closeReport -->
      </class> <!-- Utils.LoginExcelTC -->
    </test> <!-- LoginExcel_Tc -->
    <test started-at="2025-03-26T10:54:34 IST" name="SearchaddProduct" finished-at="2025-03-26T10:55:18 IST" duration-ms="44010">
      <class name="Utils.SearchaddProduct_TC">
        <test-method is-config="true" signature="openBrowser()[pri:0, instance:Utils.SearchaddProduct_TC@4bbf6d0e]" started-at="2025-03-26T10:54:34 IST" name="openBrowser" finished-at="2025-03-26T10:54:43 IST" duration-ms="9524" status="PASS">
          <reporter-output>
          </reporter-output>
        </test-method> <!-- openBrowser -->
        <test-method signature="readDataFromExcel()[pri:1, instance:Utils.SearchaddProduct_TC@4bbf6d0e]" started-at="2025-03-26T10:54:43 IST" name="readDataFromExcel" finished-at="2025-03-26T10:55:10 IST" duration-ms="26114" status="PASS">
          <reporter-output>
          </reporter-output>
        </test-method> <!-- readDataFromExcel -->
        <test-method signature="searchProduct()[pri:2, instance:Utils.SearchaddProduct_TC@4bbf6d0e]" started-at="2025-03-26T10:55:10 IST" name="searchProduct" finished-at="2025-03-26T10:55:17 IST" duration-ms="7857" status="PASS">
          <reporter-output>
          </reporter-output>
        </test-method> <!-- searchProduct -->
        <test-method is-config="true" signature="closeReport()[pri:0, instance:Utils.SearchaddProduct_TC@4bbf6d0e]" started-at="2025-03-26T10:55:17 IST" name="closeReport" finished-at="2025-03-26T10:55:18 IST" duration-ms="499" status="PASS">
          <reporter-output>
          </reporter-output>
        </test-method> <!-- closeReport -->
      </class> <!-- Utils.SearchaddProduct_TC -->
    </test> <!-- SearchaddProduct -->
    <test started-at="2025-03-26T10:55:18 IST" name="MultiProductSearchaddProduct" finished-at="2025-03-26T10:55:46 IST" duration-ms="28469">
      <class name="Utils.Multiproductadd_TC">
        <test-method is-config="true" signature="openBrowser()[pri:0, instance:Utils.Multiproductadd_TC@24c22fe]" started-at="2025-03-26T10:55:18 IST" name="openBrowser" finished-at="2025-03-26T10:55:30 IST" duration-ms="11643" status="PASS">
          <reporter-output>
          </reporter-output>
        </test-method> <!-- openBrowser -->
        <test-method signature="readDataFromExcel()[pri:1, instance:Utils.Multiproductadd_TC@24c22fe]" started-at="2025-03-26T10:55:30 IST" name="readDataFromExcel" finished-at="2025-03-26T10:55:33 IST" duration-ms="3305" status="PASS">
          <reporter-output>
          </reporter-output>
        </test-method> <!-- readDataFromExcel -->
        <test-method signature="searchAndAddMultipleProducts()[pri:2, instance:Utils.Multiproductadd_TC@24c22fe]" started-at="2025-03-26T10:55:33 IST" name="searchAndAddMultipleProducts" finished-at="2025-03-26T10:55:46 IST" duration-ms="13031" status="PASS">
          <reporter-output>
          </reporter-output>
        </test-method> <!-- searchAndAddMultipleProducts -->
        <test-method is-config="true" signature="closeReport()[pri:0, instance:Utils.Multiproductadd_TC@24c22fe]" started-at="2025-03-26T10:55:46 IST" name="closeReport" finished-at="2025-03-26T10:55:46 IST" duration-ms="481" status="PASS">
          <reporter-output>
          </reporter-output>
        </test-method> <!-- closeReport -->
      </class> <!-- Utils.Multiproductadd_TC -->
    </test> <!-- MultiProductSearchaddProduct -->
    <test started-at="2025-03-26T10:55:46 IST" name="Checkoutpage" finished-at="2025-03-26T10:56:43 IST" duration-ms="56436">
      <class name="Utils.Checkout_TC">
        <test-method is-config="true" signature="setUp()[pri:0, instance:Utils.Checkout_TC@72ef8d15]" started-at="2025-03-26T10:55:46 IST" name="setUp" finished-at="2025-03-26T10:55:56 IST" duration-ms="9902" status="PASS">
          <reporter-output>
          </reporter-output>
        </test-method> <!-- setUp -->
        <test-method signature="readDataFromExcel()[pri:1, instance:Utils.Checkout_TC@72ef8d15]" started-at="2025-03-26T10:55:56 IST" name="readDataFromExcel" finished-at="2025-03-26T10:56:04 IST" duration-ms="7158" status="PASS">
          <reporter-output>
          </reporter-output>
        </test-method> <!-- readDataFromExcel -->
        <test-method signature="testCheckoutProcess()[pri:2, instance:Utils.Checkout_TC@72ef8d15]" started-at="2025-03-26T10:56:04 IST" name="testCheckoutProcess" finished-at="2025-03-26T10:56:42 IST" duration-ms="38899" status="PASS">
          <reporter-output>
          </reporter-output>
        </test-method> <!-- testCheckoutProcess -->
        <test-method is-config="true" signature="closeReport()[pri:0, instance:Utils.Checkout_TC@72ef8d15]" started-at="2025-03-26T10:56:42 IST" name="closeReport" finished-at="2025-03-26T10:56:43 IST" duration-ms="462" status="PASS">
          <reporter-output>
          </reporter-output>
        </test-method> <!-- closeReport -->
      </class> <!-- Utils.Checkout_TC -->
    </test> <!-- Checkoutpage -->
    <test started-at="2025-03-26T10:56:43 IST" name="LogoutPage" finished-at="2025-03-26T10:57:31 IST" duration-ms="48076">
      <class name="MyRunner.LogoutRunnertNG">
        <test-method is-config="true" signature="setUpClass(org.testng.ITestContext)[pri:0, instance:MyRunner.LogoutRunnertNG@a82c5f1]" started-at="2025-03-26T10:56:43 IST" name="setUpClass" finished-at="2025-03-26T10:56:44 IST" duration-ms="784" status="PASS">
          <params>
            <param index="0">
              <value>
                <![CDATA[org.testng.TestRunner@20afd96f]]>
              </value>
            </param>
          </params>
          <reporter-output>
          </reporter-output>
        </test-method> <!-- setUpClass -->
        <test-method signature="runScenario(io.cucumber.testng.PickleWrapper,io.cucumber.testng.FeatureWrapper)[pri:0, instance:MyRunner.LogoutRunnertNG@a82c5f1]" started-at="2025-03-26T10:56:44 IST" name="runScenario" description="Runs Cucumber Scenarios" data-provider="scenarios" finished-at="2025-03-26T10:57:31 IST" duration-ms="47252" status="PASS">
          <params>
            <param index="0">
              <value>
                <![CDATA["To check the Logout functionality"]]>
              </value>
            </param>
            <param index="1">
              <value>
                <![CDATA["Checking Logout Functionality"]]>
              </value>
            </param>
          </params>
          <reporter-output>
          </reporter-output>
        </test-method> <!-- runScenario -->
        <test-method is-config="true" signature="tearDownClass()[pri:0, instance:MyRunner.LogoutRunnertNG@a82c5f1]" started-at="2025-03-26T10:57:31 IST" name="tearDownClass" finished-at="2025-03-26T10:57:31 IST" duration-ms="23" status="PASS">
          <reporter-output>
          </reporter-output>
        </test-method> <!-- tearDownClass -->
      </class> <!-- MyRunner.LogoutRunnertNG -->
    </test> <!-- LogoutPage -->
  </suite> <!-- Suite -->
</testng-results>
